[2021-02-08 20:41:07,515] [INFO] [test_registers.py] [line 36] resp:{'non_field_errors': ['无效数据。期待为字典类型，得到的是 str 。']}
[2021-02-08 20:41:08,045] [INFO] [test_registers.py] [line 36] resp:{'non_field_errors': ['无效数据。期待为字典类型，得到的是 str 。']}
[2021-02-08 20:41:08,455] [INFO] [test_registers.py] [line 36] resp:{'non_field_errors': ['无效数据。期待为字典类型，得到的是 str 。']}
[2021-02-08 20:41:08,875] [INFO] [test_registers.py] [line 36] resp:{'non_field_errors': ['无效数据。期待为字典类型，得到的是 str 。']}
[2021-02-08 20:41:09,291] [INFO] [test_registers.py] [line 36] resp:{'non_field_errors': ['无效数据。期待为字典类型，得到的是 str 。']}
[2021-02-08 20:41:09,726] [INFO] [test_registers.py] [line 36] resp:{'non_field_errors': ['无效数据。期待为字典类型，得到的是 str 。']}
[2021-02-08 20:41:10,495] [INFO] [test_registers.py] [line 36] resp:{'non_field_errors': ['无效数据。期待为字典类型，得到的是 str 。']}
[2021-02-08 20:41:11,265] [INFO] [test_registers.py] [line 36] resp:{'non_field_errors': ['无效数据。期待为字典类型，得到的是 str 。']}
[2021-02-08 20:41:12,003] [INFO] [test_registers.py] [line 36] resp:{'non_field_errors': ['无效数据。期待为字典类型，得到的是 str 。']}
[2021-02-08 20:41:53,554] [INFO] [test_registers.py] [line 36] resp:{'non_field_errors': ['无效数据。期待为字典类型，得到的是 str 。']}
[2021-02-08 20:41:54,111] [INFO] [test_registers.py] [line 36] resp:{'non_field_errors': ['无效数据。期待为字典类型，得到的是 str 。']}
[2021-02-08 20:41:54,520] [INFO] [test_registers.py] [line 36] resp:{'non_field_errors': ['无效数据。期待为字典类型，得到的是 str 。']}
[2021-02-08 20:41:54,956] [INFO] [test_registers.py] [line 36] resp:{'non_field_errors': ['无效数据。期待为字典类型，得到的是 str 。']}
[2021-02-08 20:41:55,410] [INFO] [test_registers.py] [line 36] resp:{'non_field_errors': ['无效数据。期待为字典类型，得到的是 str 。']}
[2021-02-08 20:41:55,820] [INFO] [test_registers.py] [line 36] resp:{'non_field_errors': ['无效数据。期待为字典类型，得到的是 str 。']}
[2021-02-08 20:41:56,560] [INFO] [test_registers.py] [line 36] resp:{'non_field_errors': ['无效数据。期待为字典类型，得到的是 str 。']}
[2021-02-08 20:41:57,275] [INFO] [test_registers.py] [line 36] resp:{'non_field_errors': ['无效数据。期待为字典类型，得到的是 str 。']}
[2021-02-08 20:41:57,985] [INFO] [test_registers.py] [line 36] resp:{'non_field_errors': ['无效数据。期待为字典类型，得到的是 str 。']}
[2021-02-08 20:42:24,123] [INFO] [test_registers.py] [line 36] resp:{'non_field_errors': ['无效数据。期待为字典类型，得到的是 str 。']}
[2021-02-08 20:42:24,557] [INFO] [test_registers.py] [line 36] resp:{'non_field_errors': ['无效数据。期待为字典类型，得到的是 str 。']}
[2021-02-08 20:42:24,990] [INFO] [test_registers.py] [line 36] resp:{'non_field_errors': ['无效数据。期待为字典类型，得到的是 str 。']}
[2021-02-08 20:42:25,400] [INFO] [test_registers.py] [line 36] resp:{'non_field_errors': ['无效数据。期待为字典类型，得到的是 str 。']}
[2021-02-08 20:42:25,840] [INFO] [test_registers.py] [line 36] resp:{'non_field_errors': ['无效数据。期待为字典类型，得到的是 str 。']}
[2021-02-08 20:42:26,240] [INFO] [test_registers.py] [line 36] resp:{'non_field_errors': ['无效数据。期待为字典类型，得到的是 str 。']}
[2021-02-08 20:42:26,962] [INFO] [test_registers.py] [line 36] resp:{'non_field_errors': ['无效数据。期待为字典类型，得到的是 str 。']}
[2021-02-08 20:42:27,754] [INFO] [test_registers.py] [line 36] resp:{'non_field_errors': ['无效数据。期待为字典类型，得到的是 str 。']}
[2021-02-08 20:42:28,515] [INFO] [test_registers.py] [line 36] resp:{'non_field_errors': ['无效数据。期待为字典类型，得到的是 str 。']}
[2021-02-08 20:43:29,416] [INFO] [test_registers.py] [line 36] resp:{'non_field_errors': ['无效数据。期待为字典类型，得到的是 str 。']}
[2021-02-08 20:43:29,826] [INFO] [test_registers.py] [line 36] resp:{'non_field_errors': ['无效数据。期待为字典类型，得到的是 str 。']}
[2021-02-08 20:43:30,263] [INFO] [test_registers.py] [line 36] resp:{'non_field_errors': ['无效数据。期待为字典类型，得到的是 str 。']}
[2021-02-08 20:43:30,690] [INFO] [test_registers.py] [line 36] resp:{'non_field_errors': ['无效数据。期待为字典类型，得到的是 str 。']}
[2021-02-08 20:43:31,135] [INFO] [test_registers.py] [line 36] resp:{'non_field_errors': ['无效数据。期待为字典类型，得到的是 str 。']}
[2021-02-08 20:43:31,565] [INFO] [test_registers.py] [line 36] resp:{'non_field_errors': ['无效数据。期待为字典类型，得到的是 str 。']}
[2021-02-08 20:43:32,285] [INFO] [test_registers.py] [line 36] resp:{'non_field_errors': ['无效数据。期待为字典类型，得到的是 str 。']}
[2021-02-08 20:43:33,017] [INFO] [test_registers.py] [line 36] resp:{'non_field_errors': ['无效数据。期待为字典类型，得到的是 str 。']}
[2021-02-08 20:43:33,738] [INFO] [test_registers.py] [line 36] resp:{'non_field_errors': ['无效数据。期待为字典类型，得到的是 str 。']}
[2021-02-08 20:58:40,291] [INFO] [test_registers.py] [line 36] resp:{'username': ['请输入合法用户名。只能包含字母，数字和@/./+/-/_ 字符。']}
[2021-02-08 20:59:53,772] [INFO] [test_registers.py] [line 36] resp:{'username': ['请输入合法用户名。只能包含字母，数字和@/./+/-/_ 字符。']}
[2021-02-08 20:59:54,213] [INFO] [test_registers.py] [line 36] resp:{'username': ['该字段不能为空。']}
[2021-02-08 20:59:54,631] [INFO] [test_registers.py] [line 36] resp:{'username': ['请输入合法用户名。只能包含字母，数字和@/./+/-/_ 字符。'], 'email': ['此邮箱已注册']}
[2021-02-08 20:59:55,050] [INFO] [test_registers.py] [line 36] resp:{'username': ['仅允许6-20个字符的用户名']}
[2021-02-08 20:59:55,499] [INFO] [test_registers.py] [line 36] resp:{'username': ['仅允许6-20个字符的用户名']}
[2021-02-08 20:59:55,938] [INFO] [test_registers.py] [line 36] resp:{'username': ['请输入合法用户名。只能包含字母，数字和@/./+/-/_ 字符。'], 'email': ['请输入合法的邮件地址。']}
[2021-02-08 20:59:56,644] [INFO] [test_registers.py] [line 36] resp:{'username': ['请输入合法用户名。只能包含字母，数字和@/./+/-/_ 字符。'], 'password': ['仅允许6-20个字符的密码'], 'password_confirm': ['仅允许6~20个字符的确认密码']}
[2021-02-08 20:59:57,374] [INFO] [test_registers.py] [line 36] resp:{'username': ['请输入合法用户名。只能包含字母，数字和@/./+/-/_ 字符。'], 'password': ['仅允许6-20个字符的密码'], 'password_confirm': ['仅允许6~20个字符的确认密码']}
[2021-02-08 20:59:58,121] [INFO] [test_registers.py] [line 36] resp:{'username': ['请输入合法用户名。只能包含字母，数字和@/./+/-/_ 字符。']}
[2021-02-08 21:14:16,538] [INFO] [test_registers.py] [line 36] resp:{'id': 11, 'username': 'JakeRobinson', 'token': 'eyJ0eXAiOiJKV1QiLCJhbGciOiJIUzI1NiJ9.eyJ1c2VyX2lkIjoxMSwidXNlcm5hbWUiOiJKYWtlUm9iaW5zb24iLCJleHAiOjE2MTI4NzY0NTMsImVtYWlsIjoibGF1cmExOEBob3RtYWlsLmNvbSJ9.Svdwm8IgXeMnle6VmVZA0WnDsrVVgLTumRo8QXTaEng'}
[2021-02-08 21:14:16,985] [INFO] [test_registers.py] [line 36] resp:{'username': ['该字段不能为空。']}
[2021-02-08 21:14:17,388] [INFO] [test_registers.py] [line 36] resp:{'email': ['此邮箱已注册']}
[2021-02-08 21:14:17,777] [INFO] [test_registers.py] [line 36] resp:{'username': ['仅允许6-20个字符的用户名']}
[2021-02-08 21:14:18,211] [INFO] [test_registers.py] [line 36] resp:{'username': ['仅允许6-20个字符的用户名']}
[2021-02-08 21:14:18,620] [INFO] [test_registers.py] [line 36] resp:{'email': ['请输入合法的邮件地址。']}
[2021-02-08 21:14:19,349] [INFO] [test_registers.py] [line 36] resp:{'password': ['仅允许6-20个字符的密码'], 'password_confirm': ['仅允许6~20个字符的确认密码']}
[2021-02-08 21:14:20,054] [INFO] [test_registers.py] [line 36] resp:{'password': ['仅允许6-20个字符的密码'], 'password_confirm': ['仅允许6~20个字符的确认密码']}
[2021-02-08 21:14:20,829] [INFO] [test_registers.py] [line 36] resp:{'non_field_errors': ['两次输入密码不正确']}
[2021-02-08 21:16:11,116] [INFO] [test_registers.py] [line 34] resp:{'id': 12, 'username': 'LouisBell', 'token': 'eyJ0eXAiOiJKV1QiLCJhbGciOiJIUzI1NiJ9.eyJ1c2VyX2lkIjoxMiwidXNlcm5hbWUiOiJMb3Vpc0JlbGwiLCJleHAiOjE2MTI4NzY1NjcsImVtYWlsIjoibWF0dGhld3NsaXNhQGhvdG1haWwuY29tIn0.FkiLeqf0Hvia1rn-B7PL0DPY7nkleEil23qEjR2kUJ0'}
[2021-02-08 21:16:11,697] [INFO] [test_registers.py] [line 34] resp:{'username': ['该字段不能为空。']}
[2021-02-08 21:16:12,120] [INFO] [test_registers.py] [line 34] resp:{'email': ['此邮箱已注册']}
[2021-02-08 21:16:12,538] [INFO] [test_registers.py] [line 34] resp:{'username': ['仅允许6-20个字符的用户名']}
[2021-02-08 21:16:12,979] [INFO] [test_registers.py] [line 34] resp:{'username': ['仅允许6-20个字符的用户名']}
[2021-02-08 21:16:13,417] [INFO] [test_registers.py] [line 34] resp:{'email': ['请输入合法的邮件地址。']}
[2021-02-08 21:16:14,117] [INFO] [test_registers.py] [line 34] resp:{'password': ['仅允许6-20个字符的密码'], 'password_confirm': ['仅允许6~20个字符的确认密码']}
[2021-02-08 21:16:14,859] [INFO] [test_registers.py] [line 34] resp:{'password': ['仅允许6-20个字符的密码'], 'password_confirm': ['仅允许6~20个字符的确认密码']}
[2021-02-08 21:16:15,602] [INFO] [test_registers.py] [line 34] resp:{'non_field_errors': ['两次输入密码不正确']}
[2021-02-08 21:16:48,604] [INFO] [test_registers.py] [line 34] resp:{'id': 13, 'username': 'LauraCampbell', 'token': 'eyJ0eXAiOiJKV1QiLCJhbGciOiJIUzI1NiJ9.eyJ1c2VyX2lkIjoxMywidXNlcm5hbWUiOiJMYXVyYUNhbXBiZWxsIiwiZXhwIjoxNjEyODc2NjA1LCJlbWFpbCI6InN0ZXZlbmF0a2luc0BnbWFpbC5jb20ifQ.qpwXPEEeOM1qR5deM-KiF0ZXzrO1gzhPviV7t4g8Eas'}
[2021-02-08 21:16:49,142] [INFO] [test_registers.py] [line 34] resp:{'username': ['该字段不能为空。']}
[2021-02-08 21:16:49,580] [INFO] [test_registers.py] [line 34] resp:{'email': ['此邮箱已注册']}
[2021-02-08 21:16:50,020] [INFO] [test_registers.py] [line 34] resp:{'username': ['仅允许6-20个字符的用户名']}
[2021-02-08 21:16:50,451] [INFO] [test_registers.py] [line 34] resp:{'username': ['仅允许6-20个字符的用户名']}
[2021-02-08 21:16:50,879] [INFO] [test_registers.py] [line 34] resp:{'email': ['请输入合法的邮件地址。']}
[2021-02-08 21:16:51,651] [INFO] [test_registers.py] [line 34] resp:{'password': ['仅允许6-20个字符的密码'], 'password_confirm': ['仅允许6~20个字符的确认密码']}
[2021-02-08 21:16:52,388] [INFO] [test_registers.py] [line 34] resp:{'password': ['仅允许6-20个字符的密码'], 'password_confirm': ['仅允许6~20个字符的确认密码']}
[2021-02-08 21:16:53,103] [INFO] [test_registers.py] [line 34] resp:{'non_field_errors': ['两次输入密码不正确']}
[2021-02-08 21:18:19,354] [INFO] [test_registers.py] [line 34] resp:{'id': 14, 'username': 'KathleenGould-Wells', 'token': 'eyJ0eXAiOiJKV1QiLCJhbGciOiJIUzI1NiJ9.eyJ1c2VyX2lkIjoxNCwidXNlcm5hbWUiOiJLYXRobGVlbkdvdWxkLVdlbGxzIiwiZXhwIjoxNjEyODc2Njk1LCJlbWFpbCI6Im1hcnkxNEBob3RtYWlsLmNvbSJ9.lwykku12SPoiP5aXJxbd-vfQW9vD38jlRN_Nub_4qE8'}
[2021-02-08 21:18:19,907] [INFO] [test_registers.py] [line 34] resp:{'username': ['该字段不能为空。']}
[2021-02-08 21:18:20,335] [INFO] [test_registers.py] [line 34] resp:{'email': ['此邮箱已注册']}
[2021-02-08 21:18:20,742] [INFO] [test_registers.py] [line 34] resp:{'username': ['仅允许6-20个字符的用户名']}
[2021-02-08 21:18:21,149] [INFO] [test_registers.py] [line 34] resp:{'username': ['仅允许6-20个字符的用户名']}
[2021-02-08 21:18:21,577] [INFO] [test_registers.py] [line 34] resp:{'email': ['请输入合法的邮件地址。']}
[2021-02-08 21:18:22,328] [INFO] [test_registers.py] [line 34] resp:{'password': ['仅允许6-20个字符的密码'], 'password_confirm': ['仅允许6~20个字符的确认密码']}
[2021-02-08 21:18:23,121] [INFO] [test_registers.py] [line 34] resp:{'password': ['仅允许6-20个字符的密码'], 'password_confirm': ['仅允许6~20个字符的确认密码']}
[2021-02-08 21:18:23,898] [INFO] [test_registers.py] [line 34] resp:{'non_field_errors': ['两次输入密码不正确']}
[2021-02-08 21:18:40,933] [INFO] [test_registers.py] [line 34] resp:{'id': 15, 'username': 'Mr.JustinWebb', 'token': 'eyJ0eXAiOiJKV1QiLCJhbGciOiJIUzI1NiJ9.eyJ1c2VyX2lkIjoxNSwidXNlcm5hbWUiOiJNci5KdXN0aW5XZWJiIiwiZXhwIjoxNjEyODc2NzE3LCJlbWFpbCI6ImhlbGVuaG9mZm1hbkBjYXN0aWxsby1nb29kd2luLmNvbSJ9.ZW-cR7T4H7eiyCGQRYxa9qBQYJqnhvrSjn7japYGPS0'}
[2021-02-08 21:18:41,489] [INFO] [test_registers.py] [line 34] resp:{'username': ['该字段不能为空。']}
[2021-02-08 21:18:41,903] [INFO] [test_registers.py] [line 34] resp:{'email': ['此邮箱已注册']}
[2021-02-08 21:18:42,332] [INFO] [test_registers.py] [line 34] resp:{'username': ['仅允许6-20个字符的用户名']}
[2021-02-08 21:18:42,758] [INFO] [test_registers.py] [line 34] resp:{'username': ['仅允许6-20个字符的用户名']}
[2021-02-08 21:18:43,193] [INFO] [test_registers.py] [line 34] resp:{'email': ['请输入合法的邮件地址。']}
[2021-02-08 21:18:43,903] [INFO] [test_registers.py] [line 34] resp:{'password': ['仅允许6-20个字符的密码'], 'password_confirm': ['仅允许6~20个字符的确认密码']}
[2021-02-08 21:18:44,644] [INFO] [test_registers.py] [line 34] resp:{'password': ['仅允许6-20个字符的密码'], 'password_confirm': ['仅允许6~20个字符的确认密码']}
[2021-02-08 21:18:45,365] [INFO] [test_registers.py] [line 34] resp:{'non_field_errors': ['两次输入密码不正确']}
[2021-02-08 21:21:07,742] [INFO] [test_registers.py] [line 34] resp:{'id': 16, 'username': 'ZoeHenderson-Bruce', 'token': 'eyJ0eXAiOiJKV1QiLCJhbGciOiJIUzI1NiJ9.eyJ1c2VyX2lkIjoxNiwidXNlcm5hbWUiOiJab2VIZW5kZXJzb24tQnJ1Y2UiLCJleHAiOjE2MTI4NzY4NjQsImVtYWlsIjoiam9obnNvbmVsaXphYmV0aEBraWRkLW1hcnRpbmV6LmNvbSJ9.RMbgWi9KRHa89fX7XDor6g0bhvPxAcfX00WWiiPVa1A'}
[2021-02-08 21:21:08,296] [INFO] [test_registers.py] [line 34] resp:{'username': ['该字段不能为空。']}
[2021-02-08 21:21:08,740] [INFO] [test_registers.py] [line 34] resp:{'email': ['此邮箱已注册']}
[2021-02-08 21:21:09,143] [INFO] [test_registers.py] [line 34] resp:{'username': ['仅允许6-20个字符的用户名']}
[2021-02-08 21:21:09,581] [INFO] [test_registers.py] [line 34] resp:{'username': ['仅允许6-20个字符的用户名']}
[2021-02-08 21:21:10,046] [INFO] [test_registers.py] [line 34] resp:{'email': ['请输入合法的邮件地址。']}
[2021-02-08 21:21:10,821] [INFO] [test_registers.py] [line 34] resp:{'username': ['仅允许6-20个字符的用户名'], 'password': ['仅允许6-20个字符的密码'], 'password_confirm': ['仅允许6~20个字符的确认密码']}
[2021-02-08 21:21:11,562] [INFO] [test_registers.py] [line 34] resp:{'password': ['仅允许6-20个字符的密码'], 'password_confirm': ['仅允许6~20个字符的确认密码']}
[2021-02-08 21:21:12,307] [INFO] [test_registers.py] [line 34] resp:{'non_field_errors': ['两次输入密码不正确']}
[2021-02-08 21:23:02,512] [INFO] [test_registers.py] [line 34] resp:{'id': 18, 'username': 'PeterWatson', 'token': 'eyJ0eXAiOiJKV1QiLCJhbGciOiJIUzI1NiJ9.eyJ1c2VyX2lkIjoxOCwidXNlcm5hbWUiOiJQZXRlcldhdHNvbiIsImV4cCI6MTYxMjg3Njk3OSwiZW1haWwiOiJtaWNoYWVsY2FydGVyQGhvdG1haWwuY29tIn0.ynoDpYpLegXTplAUjCjLYk1UyWrGT0GiGD7MFX4QHf0'}
[2021-02-08 21:23:02,915] [INFO] [test_registers.py] [line 34] resp:{'username': ['已存在一位使用该名字的用户。']}
[2021-02-08 21:23:03,455] [INFO] [test_registers.py] [line 34] resp:{'email': ['此邮箱已注册']}
[2021-02-08 21:23:03,883] [INFO] [test_registers.py] [line 34] resp:{'username': ['仅允许6-20个字符的用户名']}
[2021-02-08 21:23:04,281] [INFO] [test_registers.py] [line 34] resp:{'username': ['仅允许6-20个字符的用户名']}
[2021-02-08 21:23:04,693] [INFO] [test_registers.py] [line 34] resp:{'email': ['请输入合法的邮件地址。']}
[2021-02-08 21:23:05,471] [INFO] [test_registers.py] [line 34] resp:{'password': ['仅允许6-20个字符的密码'], 'password_confirm': ['仅允许6~20个字符的确认密码']}
[2021-02-08 21:23:06,232] [INFO] [test_registers.py] [line 34] resp:{'password': ['仅允许6-20个字符的密码'], 'password_confirm': ['仅允许6~20个字符的确认密码']}
[2021-02-08 21:23:06,979] [INFO] [test_registers.py] [line 34] resp:{'non_field_errors': ['两次输入密码不正确']}
[2021-02-08 21:23:24,738] [INFO] [test_registers.py] [line 34] resp:{'id': 19, 'username': 'HeatherMitchell', 'token': 'eyJ0eXAiOiJKV1QiLCJhbGciOiJIUzI1NiJ9.eyJ1c2VyX2lkIjoxOSwidXNlcm5hbWUiOiJIZWF0aGVyTWl0Y2hlbGwiLCJleHAiOjE2MTI4NzcwMDEsImVtYWlsIjoiamVubmlmZXJ2YXNxdWV6QGdtYWlsLmNvbSJ9.ZGEHxWCnhdD1LmLySvRp7DeM7acqnIYH3EZbJkpOCes'}
[2021-02-08 21:23:25,161] [INFO] [test_registers.py] [line 34] resp:{'username': ['已存在一位使用该名字的用户。']}
[2021-02-08 21:23:25,701] [INFO] [test_registers.py] [line 34] resp:{'email': ['此邮箱已注册']}
[2021-02-08 21:23:26,142] [INFO] [test_registers.py] [line 34] resp:{'username': ['仅允许6-20个字符的用户名']}
[2021-02-08 21:23:26,583] [INFO] [test_registers.py] [line 34] resp:{'username': ['仅允许6-20个字符的用户名']}
[2021-02-08 21:23:27,018] [INFO] [test_registers.py] [line 34] resp:{'email': ['请输入合法的邮件地址。']}
[2021-02-08 21:23:27,737] [INFO] [test_registers.py] [line 34] resp:{'password': ['仅允许6-20个字符的密码'], 'password_confirm': ['仅允许6~20个字符的确认密码']}
[2021-02-08 21:23:28,519] [INFO] [test_registers.py] [line 34] resp:{'password': ['仅允许6-20个字符的密码'], 'password_confirm': ['仅允许6~20个字符的确认密码']}
[2021-02-08 21:23:29,231] [INFO] [test_registers.py] [line 34] resp:{'non_field_errors': ['两次输入密码不正确']}
[2021-02-08 21:24:25,448] [INFO] [test_registers.py] [line 34] resp:{'id': 20, 'username': 'MohammadMurray', 'token': 'eyJ0eXAiOiJKV1QiLCJhbGciOiJIUzI1NiJ9.eyJ1c2VyX2lkIjoyMCwidXNlcm5hbWUiOiJNb2hhbW1hZE11cnJheSIsImV4cCI6MTYxMjg3NzA2MiwiZW1haWwiOiJ3aWxzb25wcmVzdG9uQHlhaG9vLmNvbSJ9.LoRGzu08WwD9CmHMUMdV_y4IG-eA4YUGpMMrbhxyCZ4'}
[2021-02-08 21:24:25,854] [INFO] [test_registers.py] [line 34] resp:{'username': ['已存在一位使用该名字的用户。']}
[2021-02-08 21:24:26,262] [INFO] [test_registers.py] [line 34] resp:{'email': ['此邮箱已注册']}
[2021-02-08 21:24:26,671] [INFO] [test_registers.py] [line 34] resp:{'username': ['仅允许6-20个字符的用户名']}
[2021-02-08 21:24:27,088] [INFO] [test_registers.py] [line 34] resp:{'username': ['仅允许6-20个字符的用户名']}
[2021-02-08 21:24:27,511] [INFO] [test_registers.py] [line 34] resp:{'email': ['请输入合法的邮件地址。']}
[2021-02-08 21:24:28,285] [INFO] [test_registers.py] [line 34] resp:{'password': ['仅允许6-20个字符的密码'], 'password_confirm': ['仅允许6~20个字符的确认密码']}
[2021-02-08 21:24:29,081] [INFO] [test_registers.py] [line 34] resp:{'password': ['仅允许6-20个字符的密码'], 'password_confirm': ['仅允许6~20个字符的确认密码']}
[2021-02-08 21:24:29,802] [INFO] [test_registers.py] [line 34] resp:{'non_field_errors': ['两次输入密码不正确']}
[2021-02-08 21:33:14,217] [INFO] [test_register.py] [line 34] resp:{'id': 21, 'username': 'Dr.NormanMorgan', 'token': 'eyJ0eXAiOiJKV1QiLCJhbGciOiJIUzI1NiJ9.eyJ1c2VyX2lkIjoyMSwidXNlcm5hbWUiOiJEci5Ob3JtYW5Nb3JnYW4iLCJleHAiOjE2MTI4Nzc1OTAsImVtYWlsIjoiYWNydXpAaG90bWFpbC5jb20ifQ.ThGP-jwPl1Mdu-fS8mHg6b5Ck2BtDPZdXksAqDiK6uI'}
[2021-02-08 21:33:14,767] [INFO] [test_register.py] [line 34] resp:{'username': ['该字段不能为空。']}
[2021-02-08 21:33:15,194] [INFO] [test_register.py] [line 34] resp:{'email': ['此邮箱已注册']}
[2021-02-08 21:33:15,604] [INFO] [test_register.py] [line 34] resp:{'username': ['仅允许6-20个字符的用户名']}
[2021-02-08 21:33:16,048] [INFO] [test_register.py] [line 34] resp:{'username': ['仅允许6-20个字符的用户名']}
[2021-02-08 21:33:16,455] [INFO] [test_register.py] [line 34] resp:{'email': ['请输入合法的邮件地址。']}
[2021-02-08 21:33:17,175] [INFO] [test_register.py] [line 34] resp:{'password': ['仅允许6-20个字符的密码'], 'password_confirm': ['仅允许6~20个字符的确认密码']}
[2021-02-08 21:33:17,886] [INFO] [test_register.py] [line 34] resp:{'password': ['仅允许6-20个字符的密码'], 'password_confirm': ['仅允许6~20个字符的确认密码']}
[2021-02-08 21:33:18,643] [INFO] [test_register.py] [line 34] resp:{'non_field_errors': ['两次输入密码不正确']}
[2021-02-08 21:34:08,173] [INFO] [test_register.py] [line 34] resp:{'id': 22, 'username': 'AndreaHughes', 'token': 'eyJ0eXAiOiJKV1QiLCJhbGciOiJIUzI1NiJ9.eyJ1c2VyX2lkIjoyMiwidXNlcm5hbWUiOiJBbmRyZWFIdWdoZXMiLCJleHAiOjE2MTI4Nzc2NDQsImVtYWlsIjoiYnJldHRnb256YWxlekBob3RtYWlsLmNvbSJ9.jAVLojeH52GkTQGER0OmoA9B4z4nc46Itoliz9glO78'}
[2021-02-08 21:34:08,752] [INFO] [test_register.py] [line 34] resp:{'username': ['该字段不能为空。']}
[2021-02-08 21:34:09,175] [INFO] [test_register.py] [line 34] resp:{'email': ['此邮箱已注册']}
[2021-02-08 21:34:09,596] [INFO] [test_register.py] [line 34] resp:{'username': ['仅允许6-20个字符的用户名']}
[2021-02-08 21:34:10,010] [INFO] [test_register.py] [line 34] resp:{'username': ['仅允许6-20个字符的用户名']}
[2021-02-08 21:34:10,414] [INFO] [test_register.py] [line 34] resp:{'email': ['请输入合法的邮件地址。']}
[2021-02-08 21:34:11,144] [INFO] [test_register.py] [line 34] resp:{'password': ['仅允许6-20个字符的密码'], 'password_confirm': ['仅允许6~20个字符的确认密码']}
[2021-02-08 21:34:11,882] [INFO] [test_register.py] [line 34] resp:{'username': ['仅允许6-20个字符的用户名'], 'password': ['仅允许6-20个字符的密码'], 'password_confirm': ['仅允许6~20个字符的确认密码']}
[2021-02-08 21:34:12,668] [INFO] [test_register.py] [line 34] resp:{'non_field_errors': ['两次输入密码不正确']}
[2021-02-08 21:35:49,400] [INFO] [test_register.py] [line 34] resp:{'id': 23, 'username': 'NaomiChan', 'token': 'eyJ0eXAiOiJKV1QiLCJhbGciOiJIUzI1NiJ9.eyJ1c2VyX2lkIjoyMywidXNlcm5hbWUiOiJOYW9taUNoYW4iLCJleHAiOjE2MTI4Nzc3NDUsImVtYWlsIjoibWFydGluamFtZXNAaG90bWFpbC5jb20ifQ.-nYeFFSFFsuoBQZNBgeA3tUbY3g3yrhMfbyJryN1weI'}
[2021-02-08 21:35:49,823] [INFO] [test_register.py] [line 34] resp:{'username': ['已存在一位使用该名字的用户。']}
[2021-02-08 21:35:50,721] [INFO] [test_register.py] [line 34] resp:{'username': ['仅允许6-20个字符的用户名']}
[2021-02-08 21:35:51,149] [INFO] [test_register.py] [line 34] resp:{'username': ['仅允许6-20个字符的用户名']}
[2021-02-08 21:35:51,584] [INFO] [test_register.py] [line 34] resp:{'email': ['请输入合法的邮件地址。']}
[2021-02-08 21:35:52,322] [INFO] [test_register.py] [line 34] resp:{'password': ['仅允许6-20个字符的密码'], 'password_confirm': ['仅允许6~20个字符的确认密码']}
[2021-02-08 21:35:53,078] [INFO] [test_register.py] [line 34] resp:{'password': ['仅允许6-20个字符的密码'], 'password_confirm': ['仅允许6~20个字符的确认密码']}
[2021-02-08 21:35:53,849] [INFO] [test_register.py] [line 34] resp:{'non_field_errors': ['两次输入密码不正确']}
[2021-02-08 21:37:09,901] [INFO] [test_register.py] [line 34] resp:{'id': 24, 'username': 'Dr.PeterPhillips', 'token': 'eyJ0eXAiOiJKV1QiLCJhbGciOiJIUzI1NiJ9.eyJ1c2VyX2lkIjoyNCwidXNlcm5hbWUiOiJEci5QZXRlclBoaWxsaXBzIiwiZXhwIjoxNjEyODc3ODI2LCJlbWFpbCI6Imhhbm5haG1leWVyc0B5YWhvby5jb20ifQ.zWKdqKgmCBLQULoYWC2lzZnWAYpRw-m80qE2ahUIsMY'}
[2021-02-08 21:37:10,308] [INFO] [test_register.py] [line 34] resp:{'username': ['已存在一位使用该名字的用户。']}
[2021-02-08 21:37:10,749] [INFO] [test_register.py] [line 34] resp:{'email': ['此邮箱已注册']}
[2021-02-08 21:37:11,188] [INFO] [test_register.py] [line 34] resp:{'username': ['仅允许6-20个字符的用户名']}
[2021-02-08 21:37:11,615] [INFO] [test_register.py] [line 34] resp:{'username': ['仅允许6-20个字符的用户名']}
[2021-02-08 21:37:12,046] [INFO] [test_register.py] [line 34] resp:{'email': ['请输入合法的邮件地址。']}
[2021-02-08 21:37:12,779] [INFO] [test_register.py] [line 34] resp:{'password': ['仅允许6-20个字符的密码'], 'password_confirm': ['仅允许6~20个字符的确认密码']}
[2021-02-08 21:37:13,534] [INFO] [test_register.py] [line 34] resp:{'password': ['仅允许6-20个字符的密码'], 'password_confirm': ['仅允许6~20个字符的确认密码']}
[2021-02-08 21:37:14,312] [INFO] [test_register.py] [line 34] resp:{'non_field_errors': ['两次输入密码不正确']}
[2021-02-08 21:37:54,547] [INFO] [test_register.py] [line 34] resp:{'id': 25, 'username': 'Dr.NicolaRichardson', 'token': 'eyJ0eXAiOiJKV1QiLCJhbGciOiJIUzI1NiJ9.eyJ1c2VyX2lkIjoyNSwidXNlcm5hbWUiOiJEci5OaWNvbGFSaWNoYXJkc29uIiwiZXhwIjoxNjEyODc3ODcxLCJlbWFpbCI6ImRpYW5hNTdAcGVyZXouY29tIn0.TNfbk5mY_mY9L1aXPkoLi2n8RaDwoFEEcgblBp4q-dI'}
[2021-02-08 21:37:54,947] [INFO] [test_register.py] [line 34] resp:{'username': ['已存在一位使用该名字的用户。']}
[2021-02-08 21:37:55,343] [INFO] [test_register.py] [line 34] resp:{'email': ['此邮箱已注册']}
[2021-02-08 21:37:55,758] [INFO] [test_register.py] [line 34] resp:{'username': ['仅允许6-20个字符的用户名']}
[2021-02-08 21:37:56,167] [INFO] [test_register.py] [line 34] resp:{'username': ['仅允许6-20个字符的用户名']}
[2021-02-08 21:37:56,568] [INFO] [test_register.py] [line 34] resp:{'email': ['请输入合法的邮件地址。']}
[2021-02-08 21:37:57,350] [INFO] [test_register.py] [line 34] resp:{'password': ['仅允许6-20个字符的密码'], 'password_confirm': ['仅允许6~20个字符的确认密码']}
[2021-02-08 21:37:58,098] [INFO] [test_register.py] [line 34] resp:{'password': ['仅允许6-20个字符的密码'], 'password_confirm': ['仅允许6~20个字符的确认密码']}
[2021-02-08 21:37:58,820] [INFO] [test_register.py] [line 34] resp:{'non_field_errors': ['两次输入密码不正确']}
[2021-02-08 21:39:02,398] [INFO] [test_register.py] [line 34] resp:{'id': 26, 'username': 'KarenHarrison', 'token': 'eyJ0eXAiOiJKV1QiLCJhbGciOiJIUzI1NiJ9.eyJ1c2VyX2lkIjoyNiwidXNlcm5hbWUiOiJLYXJlbkhhcnJpc29uIiwiZXhwIjoxNjEyODc3OTM4LCJlbWFpbCI6Imdlb3JnZWdpbGJlcnRAaG90bWFpbC5jb20ifQ.Z_oe6sCuRFCuAdRMt-DqyXSKTRdbgWo46kW1dFJhDRQ'}
[2021-02-08 21:39:02,847] [INFO] [test_register.py] [line 34] resp:{'username': ['已存在一位使用该名字的用户。']}
[2021-02-08 21:39:03,292] [INFO] [test_register.py] [line 34] resp:{'email': ['此邮箱已注册']}
[2021-02-08 21:39:03,737] [INFO] [test_register.py] [line 34] resp:{'username': ['仅允许6-20个字符的用户名']}
[2021-02-08 21:39:04,184] [INFO] [test_register.py] [line 34] resp:{'username': ['仅允许6-20个字符的用户名']}
[2021-02-08 21:39:04,603] [INFO] [test_register.py] [line 34] resp:{'email': ['请输入合法的邮件地址。']}
[2021-02-08 21:39:05,348] [INFO] [test_register.py] [line 34] resp:{'password': ['仅允许6-20个字符的密码'], 'password_confirm': ['仅允许6~20个字符的确认密码']}
[2021-02-08 21:39:06,109] [INFO] [test_register.py] [line 34] resp:{'password': ['仅允许6-20个字符的密码'], 'password_confirm': ['仅允许6~20个字符的确认密码']}
[2021-02-08 21:39:06,832] [INFO] [test_register.py] [line 34] resp:{'non_field_errors': ['两次输入密码不正确']}
[2021-02-08 21:39:34,520] [INFO] [test_register.py] [line 34] resp:{'id': 27, 'username': 'Mrs.SheilaClark', 'token': 'eyJ0eXAiOiJKV1QiLCJhbGciOiJIUzI1NiJ9.eyJ1c2VyX2lkIjoyNywidXNlcm5hbWUiOiJNcnMuU2hlaWxhQ2xhcmsiLCJleHAiOjE2MTI4Nzc5NzEsImVtYWlsIjoieXdvb2RAZ21haWwuY29tIn0.hNDCQDNQq-xxiJ9qZGI0er0ickcIAba7lq_F_pj5CPQ'}
[2021-02-08 21:39:34,930] [INFO] [test_register.py] [line 34] resp:{'username': ['已存在一位使用该名字的用户。']}
[2021-02-08 21:39:35,346] [INFO] [test_register.py] [line 34] resp:{'email': ['此邮箱已注册']}
[2021-02-08 21:39:35,776] [INFO] [test_register.py] [line 34] resp:{'username': ['仅允许6-20个字符的用户名']}
[2021-02-08 21:39:36,221] [INFO] [test_register.py] [line 34] resp:{'username': ['仅允许6-20个字符的用户名']}
[2021-02-08 21:39:36,665] [INFO] [test_register.py] [line 34] resp:{'email': ['请输入合法的邮件地址。']}
[2021-02-08 21:39:37,365] [INFO] [test_register.py] [line 34] resp:{'password': ['仅允许6-20个字符的密码'], 'password_confirm': ['仅允许6~20个字符的确认密码']}
[2021-02-08 21:39:38,081] [INFO] [test_register.py] [line 34] resp:{'password': ['仅允许6-20个字符的密码'], 'password_confirm': ['仅允许6~20个字符的确认密码']}
[2021-02-08 21:39:38,825] [INFO] [test_register.py] [line 34] resp:{'non_field_errors': ['两次输入密码不正确']}
[2021-02-08 21:41:49,824] [INFO] [test_register.py] [line 34] resp:{'id': 28, 'username': 'LindaCarroll', 'token': 'eyJ0eXAiOiJKV1QiLCJhbGciOiJIUzI1NiJ9.eyJ1c2VyX2lkIjoyOCwidXNlcm5hbWUiOiJMaW5kYUNhcnJvbGwiLCJleHAiOjE2MTI4NzgxMDYsImVtYWlsIjoibWFydGlubmljaG9sZUBob3RtYWlsLmNvbSJ9.I7u7QIo85Yv-Uhz1bXB3KTSRWPnjhUroxVryS8VFsw0'}
[2021-02-08 21:41:50,243] [INFO] [test_register.py] [line 34] resp:{'username': ['已存在一位使用该名字的用户。']}
[2021-02-08 21:41:50,686] [INFO] [test_register.py] [line 34] resp:{'email': ['此邮箱已注册']}
[2021-02-08 21:41:51,121] [INFO] [test_register.py] [line 34] resp:{'username': ['仅允许6-20个字符的用户名']}
[2021-02-08 21:41:51,524] [INFO] [test_register.py] [line 34] resp:{'username': ['仅允许6-20个字符的用户名']}
[2021-02-08 21:41:52,718] [INFO] [test_register.py] [line 34] resp:{'password': ['仅允许6-20个字符的密码'], 'password_confirm': ['仅允许6~20个字符的确认密码']}
[2021-02-08 21:41:53,461] [INFO] [test_register.py] [line 34] resp:{'password': ['仅允许6-20个字符的密码'], 'password_confirm': ['仅允许6~20个字符的确认密码']}
[2021-02-08 21:41:54,259] [INFO] [test_register.py] [line 34] resp:{'non_field_errors': ['两次输入密码不正确']}
[2021-02-08 21:42:00,323] [INFO] [test_register.py] [line 34] resp:{'id': 29, 'username': 'MartynMiah', 'token': 'eyJ0eXAiOiJKV1QiLCJhbGciOiJIUzI1NiJ9.eyJ1c2VyX2lkIjoyOSwidXNlcm5hbWUiOiJNYXJ0eW5NaWFoIiwiZXhwIjoxNjEyODc4MTE2LCJlbWFpbCI6ImNvbmxleXNhcmFoQGRvdWdsYXMuY29tIn0.xAKJz_nVXEPOReU20ty0oiaL2kiU-iw9cfyIOOmryzk'}
[2021-02-08 21:42:00,767] [INFO] [test_register.py] [line 34] resp:{'username': ['已存在一位使用该名字的用户。']}
[2021-02-08 21:42:01,192] [INFO] [test_register.py] [line 34] resp:{'email': ['此邮箱已注册']}
[2021-02-08 21:42:01,608] [INFO] [test_register.py] [line 34] resp:{'username': ['仅允许6-20个字符的用户名']}
[2021-02-08 21:42:02,061] [INFO] [test_register.py] [line 34] resp:{'username': ['仅允许6-20个字符的用户名']}
[2021-02-08 21:42:02,479] [INFO] [test_register.py] [line 34] resp:{'email': ['请输入合法的邮件地址。']}
[2021-02-08 21:42:03,200] [INFO] [test_register.py] [line 34] resp:{'password': ['仅允许6-20个字符的密码'], 'password_confirm': ['仅允许6~20个字符的确认密码']}
[2021-02-08 21:42:03,940] [INFO] [test_register.py] [line 34] resp:{'password': ['仅允许6-20个字符的密码'], 'password_confirm': ['仅允许6~20个字符的确认密码']}
[2021-02-08 21:42:04,692] [INFO] [test_register.py] [line 34] resp:{'non_field_errors': ['两次输入密码不正确']}
[2021-02-08 21:44:19,775] [INFO] [test_register.py] [line 34] resp:{'id': 30, 'username': 'Mr.MohamedWilliams', 'token': 'eyJ0eXAiOiJKV1QiLCJhbGciOiJIUzI1NiJ9.eyJ1c2VyX2lkIjozMCwidXNlcm5hbWUiOiJNci5Nb2hhbWVkV2lsbGlhbXMiLCJleHAiOjE2MTI4NzgyNTYsImVtYWlsIjoia2ltYmVybHkyMkBob3RtYWlsLmNvbSJ9.8WjuE_GHRIBeogKWQgL0EL-3w4epdKdlgSvOOy1iVZU'}
[2021-02-08 21:44:20,216] [INFO] [test_register.py] [line 34] resp:{'username': ['已存在一位使用该名字的用户。']}
[2021-02-08 21:44:20,639] [INFO] [test_register.py] [line 34] resp:{'email': ['此邮箱已注册']}
[2021-02-08 21:44:21,057] [INFO] [test_register.py] [line 34] resp:{'username': ['仅允许6-20个字符的用户名']}
[2021-02-08 21:44:21,462] [INFO] [test_register.py] [line 34] resp:{'username': ['仅允许6-20个字符的用户名']}
[2021-02-08 21:44:21,877] [INFO] [test_register.py] [line 34] resp:{'email': ['请输入合法的邮件地址。']}
[2021-02-08 21:44:22,611] [INFO] [test_register.py] [line 34] resp:{'password': ['仅允许6-20个字符的密码'], 'password_confirm': ['仅允许6~20个字符的确认密码']}
[2021-02-08 21:44:23,364] [INFO] [test_register.py] [line 34] resp:{'password': ['仅允许6-20个字符的密码'], 'password_confirm': ['仅允许6~20个字符的确认密码']}
[2021-02-08 21:44:24,140] [INFO] [test_register.py] [line 34] resp:{'non_field_errors': ['两次输入密码不正确']}
